<?xml version="1.0" encoding="UTF-8"?>
<!-- Generated by org.testng.reporters.JUnitReportReporter -->
<testsuite hostname="DESKTOP-T0F1EFD" failures="0" tests="1" name="com.qa.test1.Test1" time="33.280" errors="0" timestamp="2021-02-18T14:12:30 CET" skipped="0">
  <testcase classname="com.qa.test1.Test1" name="testPage" time="33.280"/>
  <system-out/>
</testsuite> <!-- com.qa.test1.Test1 -->
