<?xml version="1.0" encoding="UTF-8"?>
<!-- Generated by org.testng.reporters.JUnitReportReporter -->
<testsuite hostname="DESKTOP-8IU47NN" failures="0" tests="1" name="com.qa.test1.Test1" time="36.526" errors="0" timestamp="2021-03-02T11:50:53 CET" skipped="0">
  <testcase classname="com.qa.test1.Test1" name="testPage" time="36.526"/>
  <system-out/>
</testsuite> <!-- com.qa.test1.Test1 -->
